<?xml version="1.0" encoding="UTF-8"?>
<!-- Generated by org.testng.reporters.JUnitXMLReporter -->
<testsuite hostname="localhost" name="Default test" tests="13" failures="0" timestamp="14 Jun 2016 14:38:28 GMT" time="1521.531" errors="0">
  <testcase name="pullto_refresh" time="17.484" classname="com.Functions.Smoke_Run"/>
  <testcase name="cleanlaunch" time="45.231" classname="com.Functions.Smoke_Run"/>
  <testcase name="WFXTriggers_cxtg" time="251.621" classname="com.Functions.Smoke_Run"/>
  <testcase name="WFXTriggers_Factuals" time="1.311" classname="com.Functions.Smoke_Run"/>
  <testcase name="ad_crwd" time="0.069" classname="com.Functions.Smoke_Run"/>
  <testcase name="extenedHourlyPage_ads" time="69.555" classname="com.Functions.Smoke_Run"/>
  <testcase name="extenedDailyPage_ads" time="70.599" classname="com.Functions.Smoke_Run"/>
  <testcase name="extenedMapPage_ads" time="66.471" classname="com.Functions.Smoke_Run"/>
  <testcase name="extenedNewsPage_ads" time="179.32" classname="com.Functions.Smoke_Run"/>
  <testcase name="setto_TestMode" time="126.469" classname="com.Functions.Smoke_Run"/>
  <testcase name="Verify_PrerollAd" time="162.669" classname="com.Functions.Smoke_Run"/>
  <testcase name="extenedHurricane_ads" time="135.658" classname="com.Functions.Smoke_Run"/>
  <testcase name="extenedLSModule_ads" time="111.34" classname="com.Functions.Smoke_Run"/>
</testsuite> <!-- Default test -->
