<?xml version="1.0" encoding="UTF-8"?>
<!-- Generated by org.testng.reporters.JUnitXMLReporter -->
<testsuite hostname="localhost" name="Default test" tests="11" failures="0" timestamp="27 May 2016 13:38:23 GMT" time="884.276" errors="0">
  <testcase name="pullto_refresh" time="22.715" classname="com.Functions.Smoke_Run"/>
  <testcase name="cleanlaunch" time="75.361" classname="com.Functions.Smoke_Run"/>
  <testcase name="WFXTriggers_cxtg" time="214.72" classname="com.Functions.Smoke_Run"/>
  <testcase name="WFXTriggers_Factuals" time="44.689" classname="com.Functions.Smoke_Run"/>
  <testcase name="ad_crwd" time="0.204" classname="com.Functions.Smoke_Run"/>
  <testcase name="extenedHourlyPage_ads" time="72.233" classname="com.Functions.Smoke_Run"/>
  <testcase name="extenedDailyPage_ads" time="45.732" classname="com.Functions.Smoke_Run"/>
  <testcase name="extenedMapPage_ads" time="42.101" classname="com.Functions.Smoke_Run"/>
  <testcase name="extenedNewPage_ads" time="87.571" classname="com.Functions.Smoke_Run"/>
  <testcase name="setto_TestMode" time="138.849" classname="com.Functions.Smoke_Run"/>
  <testcase name="ThirdParty_beacons" time="0.08" classname="com.Functions.Smoke_Run"/>
</testsuite> <!-- Default test -->
