<?xml version="1.0" encoding="UTF-8"?>
<testng-results skipped="0" failed="0" total="13" passed="13">
  <reporter-output>
  </reporter-output>
  <suite name="Default suite" duration-ms="1521531" started-at="2016-06-14T14:13:06Z" finished-at="2016-06-14T14:38:28Z">
    <groups>
    </groups>
    <test name="Default test" duration-ms="1521531" started-at="2016-06-14T14:13:06Z" finished-at="2016-06-14T14:38:28Z">
      <class name="com.Functions.Smoke_Run">
        <test-method status="PASS" signature="beforeTest()[pri:0, instance:com.Functions.Smoke_Run@2812cbfa]" name="beforeTest" is-config="true" duration-ms="273845" started-at="2016-06-14T19:43:06Z" finished-at="2016-06-14T19:47:40Z">
          <reporter-output>
          </reporter-output>
        </test-method> <!-- beforeTest -->
        <test-method status="PASS" signature="beforeMethod()[pri:0, instance:com.Functions.Smoke_Run@2812cbfa]" name="beforeMethod" is-config="true" duration-ms="1" started-at="2016-06-14T19:47:40Z" finished-at="2016-06-14T19:47:40Z">
          <reporter-output>
          </reporter-output>
        </test-method> <!-- beforeMethod -->
        <test-method status="PASS" signature="pullto_refresh()[pri:0, instance:com.Functions.Smoke_Run@2812cbfa]" name="pullto_refresh" duration-ms="17484" started-at="2016-06-14T19:47:40Z" finished-at="2016-06-14T19:47:57Z">
          <reporter-output>
          </reporter-output>
        </test-method> <!-- pullto_refresh -->
        <test-method status="PASS" signature="beforeMethod()[pri:0, instance:com.Functions.Smoke_Run@2812cbfa]" name="beforeMethod" is-config="true" duration-ms="1" started-at="2016-06-14T19:47:57Z" finished-at="2016-06-14T19:47:57Z">
          <reporter-output>
          </reporter-output>
        </test-method> <!-- beforeMethod -->
        <test-method status="PASS" signature="afterMethod()[pri:0, instance:com.Functions.Smoke_Run@2812cbfa]" name="afterMethod" is-config="true" duration-ms="0" started-at="2016-06-14T19:47:57Z" finished-at="2016-06-14T19:47:57Z">
          <reporter-output>
          </reporter-output>
        </test-method> <!-- afterMethod -->
        <test-method status="PASS" signature="cleanlaunch()[pri:0, instance:com.Functions.Smoke_Run@2812cbfa]" name="cleanlaunch" duration-ms="45231" started-at="2016-06-14T19:47:57Z" finished-at="2016-06-14T19:48:43Z">
          <reporter-output>
          </reporter-output>
        </test-method> <!-- cleanlaunch -->
        <test-method status="PASS" signature="afterMethod()[pri:0, instance:com.Functions.Smoke_Run@2812cbfa]" name="afterMethod" is-config="true" duration-ms="0" started-at="2016-06-14T19:48:43Z" finished-at="2016-06-14T19:48:43Z">
          <reporter-output>
          </reporter-output>
        </test-method> <!-- afterMethod -->
        <test-method status="PASS" signature="beforeMethod()[pri:0, instance:com.Functions.Smoke_Run@2812cbfa]" name="beforeMethod" is-config="true" duration-ms="0" started-at="2016-06-14T19:48:43Z" finished-at="2016-06-14T19:48:43Z">
          <reporter-output>
          </reporter-output>
        </test-method> <!-- beforeMethod -->
        <test-method status="PASS" signature="WFXTriggers_cxtg()[pri:0, instance:com.Functions.Smoke_Run@2812cbfa]" name="WFXTriggers_cxtg" duration-ms="251621" started-at="2016-06-14T19:48:43Z" finished-at="2016-06-14T19:52:54Z">
          <reporter-output>
          </reporter-output>
        </test-method> <!-- WFXTriggers_cxtg -->
        <test-method status="PASS" signature="afterMethod()[pri:0, instance:com.Functions.Smoke_Run@2812cbfa]" name="afterMethod" is-config="true" duration-ms="1" started-at="2016-06-14T19:52:54Z" finished-at="2016-06-14T19:52:54Z">
          <reporter-output>
          </reporter-output>
        </test-method> <!-- afterMethod -->
        <test-method status="PASS" signature="WFXTriggers_Factuals()[pri:0, instance:com.Functions.Smoke_Run@2812cbfa]" name="WFXTriggers_Factuals" duration-ms="1311" started-at="2016-06-14T19:52:54Z" finished-at="2016-06-14T19:52:56Z">
          <reporter-output>
          </reporter-output>
        </test-method> <!-- WFXTriggers_Factuals -->
        <test-method status="PASS" signature="beforeMethod()[pri:0, instance:com.Functions.Smoke_Run@2812cbfa]" name="beforeMethod" is-config="true" duration-ms="0" started-at="2016-06-14T19:52:54Z" finished-at="2016-06-14T19:52:54Z">
          <reporter-output>
          </reporter-output>
        </test-method> <!-- beforeMethod -->
        <test-method status="PASS" signature="afterMethod()[pri:0, instance:com.Functions.Smoke_Run@2812cbfa]" name="afterMethod" is-config="true" duration-ms="1" started-at="2016-06-14T19:52:56Z" finished-at="2016-06-14T19:52:56Z">
          <reporter-output>
          </reporter-output>
        </test-method> <!-- afterMethod -->
        <test-method status="PASS" signature="beforeMethod()[pri:0, instance:com.Functions.Smoke_Run@2812cbfa]" name="beforeMethod" is-config="true" duration-ms="0" started-at="2016-06-14T19:52:56Z" finished-at="2016-06-14T19:52:56Z">
          <reporter-output>
          </reporter-output>
        </test-method> <!-- beforeMethod -->
        <test-method status="PASS" signature="ad_crwd()[pri:0, instance:com.Functions.Smoke_Run@2812cbfa]" name="ad_crwd" duration-ms="69" started-at="2016-06-14T19:52:56Z" finished-at="2016-06-14T19:52:56Z">
          <reporter-output>
          </reporter-output>
        </test-method> <!-- ad_crwd -->
        <test-method status="PASS" signature="afterMethod()[pri:0, instance:com.Functions.Smoke_Run@2812cbfa]" name="afterMethod" is-config="true" duration-ms="1" started-at="2016-06-14T19:52:56Z" finished-at="2016-06-14T19:52:56Z">
          <reporter-output>
          </reporter-output>
        </test-method> <!-- afterMethod -->
        <test-method status="PASS" signature="extenedHourlyPage_ads()[pri:0, instance:com.Functions.Smoke_Run@2812cbfa]" name="extenedHourlyPage_ads" duration-ms="69555" started-at="2016-06-14T19:52:56Z" finished-at="2016-06-14T19:54:05Z">
          <reporter-output>
          </reporter-output>
        </test-method> <!-- extenedHourlyPage_ads -->
        <test-method status="PASS" signature="beforeMethod()[pri:0, instance:com.Functions.Smoke_Run@2812cbfa]" name="beforeMethod" is-config="true" duration-ms="0" started-at="2016-06-14T19:52:56Z" finished-at="2016-06-14T19:52:56Z">
          <reporter-output>
          </reporter-output>
        </test-method> <!-- beforeMethod -->
        <test-method status="PASS" signature="afterMethod()[pri:0, instance:com.Functions.Smoke_Run@2812cbfa]" name="afterMethod" is-config="true" duration-ms="0" started-at="2016-06-14T19:54:05Z" finished-at="2016-06-14T19:54:05Z">
          <reporter-output>
          </reporter-output>
        </test-method> <!-- afterMethod -->
        <test-method status="PASS" signature="beforeMethod()[pri:0, instance:com.Functions.Smoke_Run@2812cbfa]" name="beforeMethod" is-config="true" duration-ms="0" started-at="2016-06-14T19:54:05Z" finished-at="2016-06-14T19:54:05Z">
          <reporter-output>
          </reporter-output>
        </test-method> <!-- beforeMethod -->
        <test-method status="PASS" signature="extenedDailyPage_ads()[pri:0, instance:com.Functions.Smoke_Run@2812cbfa]" name="extenedDailyPage_ads" duration-ms="70599" started-at="2016-06-14T19:54:05Z" finished-at="2016-06-14T19:55:16Z">
          <reporter-output>
          </reporter-output>
        </test-method> <!-- extenedDailyPage_ads -->
        <test-method status="PASS" signature="afterMethod()[pri:0, instance:com.Functions.Smoke_Run@2812cbfa]" name="afterMethod" is-config="true" duration-ms="0" started-at="2016-06-14T19:55:16Z" finished-at="2016-06-14T19:55:16Z">
          <reporter-output>
          </reporter-output>
        </test-method> <!-- afterMethod -->
        <test-method status="PASS" signature="beforeMethod()[pri:0, instance:com.Functions.Smoke_Run@2812cbfa]" name="beforeMethod" is-config="true" duration-ms="0" started-at="2016-06-14T19:55:16Z" finished-at="2016-06-14T19:55:16Z">
          <reporter-output>
          </reporter-output>
        </test-method> <!-- beforeMethod -->
        <test-method status="PASS" signature="extenedMapPage_ads()[pri:0, instance:com.Functions.Smoke_Run@2812cbfa]" name="extenedMapPage_ads" duration-ms="66471" started-at="2016-06-14T19:55:16Z" finished-at="2016-06-14T19:56:22Z">
          <reporter-output>
          </reporter-output>
        </test-method> <!-- extenedMapPage_ads -->
        <test-method status="PASS" signature="afterMethod()[pri:0, instance:com.Functions.Smoke_Run@2812cbfa]" name="afterMethod" is-config="true" duration-ms="0" started-at="2016-06-14T19:56:22Z" finished-at="2016-06-14T19:56:22Z">
          <reporter-output>
          </reporter-output>
        </test-method> <!-- afterMethod -->
        <test-method status="PASS" signature="extenedNewsPage_ads()[pri:0, instance:com.Functions.Smoke_Run@2812cbfa]" name="extenedNewsPage_ads" duration-ms="179320" started-at="2016-06-14T19:56:22Z" finished-at="2016-06-14T19:59:22Z">
          <reporter-output>
          </reporter-output>
        </test-method> <!-- extenedNewsPage_ads -->
        <test-method status="PASS" signature="beforeMethod()[pri:0, instance:com.Functions.Smoke_Run@2812cbfa]" name="beforeMethod" is-config="true" duration-ms="0" started-at="2016-06-14T19:56:22Z" finished-at="2016-06-14T19:56:22Z">
          <reporter-output>
          </reporter-output>
        </test-method> <!-- beforeMethod -->
        <test-method status="PASS" signature="afterMethod()[pri:0, instance:com.Functions.Smoke_Run@2812cbfa]" name="afterMethod" is-config="true" duration-ms="0" started-at="2016-06-14T19:59:22Z" finished-at="2016-06-14T19:59:22Z">
          <reporter-output>
          </reporter-output>
        </test-method> <!-- afterMethod -->
        <test-method status="PASS" signature="setto_TestMode()[pri:0, instance:com.Functions.Smoke_Run@2812cbfa]" name="setto_TestMode" duration-ms="126469" started-at="2016-06-14T19:59:22Z" finished-at="2016-06-14T20:01:28Z">
          <reporter-output>
          </reporter-output>
        </test-method> <!-- setto_TestMode -->
        <test-method status="PASS" signature="beforeMethod()[pri:0, instance:com.Functions.Smoke_Run@2812cbfa]" name="beforeMethod" is-config="true" duration-ms="0" started-at="2016-06-14T19:59:22Z" finished-at="2016-06-14T19:59:22Z">
          <reporter-output>
          </reporter-output>
        </test-method> <!-- beforeMethod -->
        <test-method status="PASS" signature="afterMethod()[pri:0, instance:com.Functions.Smoke_Run@2812cbfa]" name="afterMethod" is-config="true" duration-ms="1" started-at="2016-06-14T20:01:28Z" finished-at="2016-06-14T20:01:28Z">
          <reporter-output>
          </reporter-output>
        </test-method> <!-- afterMethod -->
        <test-method status="PASS" signature="beforeMethod()[pri:0, instance:com.Functions.Smoke_Run@2812cbfa]" name="beforeMethod" is-config="true" duration-ms="0" started-at="2016-06-14T20:01:28Z" finished-at="2016-06-14T20:01:28Z">
          <reporter-output>
          </reporter-output>
        </test-method> <!-- beforeMethod -->
        <test-method status="PASS" signature="Verify_PrerollAd()[pri:0, instance:com.Functions.Smoke_Run@2812cbfa]" name="Verify_PrerollAd" duration-ms="162669" started-at="2016-06-14T20:01:28Z" finished-at="2016-06-14T20:04:11Z">
          <reporter-output>
          </reporter-output>
        </test-method> <!-- Verify_PrerollAd -->
        <test-method status="PASS" signature="afterMethod()[pri:0, instance:com.Functions.Smoke_Run@2812cbfa]" name="afterMethod" is-config="true" duration-ms="0" started-at="2016-06-14T20:04:11Z" finished-at="2016-06-14T20:04:11Z">
          <reporter-output>
          </reporter-output>
        </test-method> <!-- afterMethod -->
        <test-method status="PASS" signature="beforeMethod()[pri:0, instance:com.Functions.Smoke_Run@2812cbfa]" name="beforeMethod" is-config="true" duration-ms="1" started-at="2016-06-14T20:04:11Z" finished-at="2016-06-14T20:04:11Z">
          <reporter-output>
          </reporter-output>
        </test-method> <!-- beforeMethod -->
        <test-method status="PASS" signature="extenedHurricane_ads()[pri:0, instance:com.Functions.Smoke_Run@2812cbfa]" name="extenedHurricane_ads" duration-ms="135658" started-at="2016-06-14T20:04:11Z" finished-at="2016-06-14T20:06:26Z">
          <reporter-output>
          </reporter-output>
        </test-method> <!-- extenedHurricane_ads -->
        <test-method status="PASS" signature="extenedLSModule_ads()[pri:0, instance:com.Functions.Smoke_Run@2812cbfa]" name="extenedLSModule_ads" duration-ms="111340" started-at="2016-06-14T20:06:26Z" finished-at="2016-06-14T20:08:18Z">
          <reporter-output>
          </reporter-output>
        </test-method> <!-- extenedLSModule_ads -->
        <test-method status="PASS" signature="beforeMethod()[pri:0, instance:com.Functions.Smoke_Run@2812cbfa]" name="beforeMethod" is-config="true" duration-ms="0" started-at="2016-06-14T20:06:26Z" finished-at="2016-06-14T20:06:26Z">
          <reporter-output>
          </reporter-output>
        </test-method> <!-- beforeMethod -->
        <test-method status="PASS" signature="afterMethod()[pri:0, instance:com.Functions.Smoke_Run@2812cbfa]" name="afterMethod" is-config="true" duration-ms="0" started-at="2016-06-14T20:06:26Z" finished-at="2016-06-14T20:06:26Z">
          <reporter-output>
          </reporter-output>
        </test-method> <!-- afterMethod -->
        <test-method status="PASS" signature="afterMethod()[pri:0, instance:com.Functions.Smoke_Run@2812cbfa]" name="afterMethod" is-config="true" duration-ms="0" started-at="2016-06-14T20:08:18Z" finished-at="2016-06-14T20:08:18Z">
          <reporter-output>
          </reporter-output>
        </test-method> <!-- afterMethod -->
        <test-method status="PASS" signature="afterTest()[pri:0, instance:com.Functions.Smoke_Run@2812cbfa]" name="afterTest" is-config="true" duration-ms="9841" started-at="2016-06-14T20:08:18Z" finished-at="2016-06-14T20:08:28Z">
          <reporter-output>
          </reporter-output>
        </test-method> <!-- afterTest -->
      </class> <!-- com.Functions.Smoke_Run -->
    </test> <!-- Default test -->
  </suite> <!-- Default suite -->
</testng-results>
