<?xml version="1.0" encoding="UTF-8"?>
<!-- Generated by org.testng.reporters.JUnitXMLReporter -->
<testsuite hostname="ravis-MacBook-Pro.local" name="Default test" tests="9" failures="0" timestamp="30 May 2016 13:48:46 GMT" time="424.465" errors="0">
  <testcase name="PulltoRefresh_Test_Case_Using_Charles" time="61.85" classname="twc.Automation.SmokeTestCases.somkeTestCases"/>
  <testcase name="Clean_App_Launch" time="88.905" classname="twc.Automation.SmokeTestCases.somkeTestCases"/>
  <testcase name="Verify_CXTG_Values" time="136.57" classname="twc.Automation.SmokeTestCases.somkeTestCases"/>
  <testcase name="Factual_Test_Case_Using_Charles" time="0.253" classname="twc.Automation.SmokeTestCases.somkeTestCases"/>
  <testcase name="Lotame_Test_Case_Using_Charles" time="0.147" classname="twc.Automation.SmokeTestCases.somkeTestCases"/>
  <testcase name="Verify_Ad_Present_On_HourlyExtended_page" time="34.294" classname="twc.Automation.SmokeTestCases.somkeTestCases"/>
  <testcase name="Verify_Ad_Present_On_DailyExtended_page" time="7.545" classname="twc.Automation.SmokeTestCases.somkeTestCases"/>
  <testcase name="Verify_Ad_Present_On_MapsExtended_page" time="12.9" classname="twc.Automation.SmokeTestCases.somkeTestCases"/>
  <testcase name="Verify_Ad_Present_On_NewsExtended_page" time="71.602" classname="twc.Automation.SmokeTestCases.somkeTestCases"/>
</testsuite> <!-- Default test -->
