<?xml version="1.0" encoding="UTF-8"?>
<!-- Generated by org.testng.reporters.JUnitXMLReporter -->
<testsuite hostname="localhost" name="Smoke_iOS" tests="13" failures="0" timestamp="24 Jun 2016 10:46:18 GMT" time="13.065" errors="0">
  <testcase name="@BeforeTest beforeTest" time="0.0" classname="com.Functions.Smoke_Run">
    <failure type="org.openqa.selenium.WebDriverException" message="&amp;lt;html&amp;gt;
&amp;lt;head&amp;gt;
    &amp;lt;title&amp;gt;Charles Error Report&amp;lt;/title&amp;gt;
    &amp;lt;style type=&amp;quot;text/css&amp;quot;&amp;gt;
body {
    font-family: Arial,Helvetica,Sans-serif;
    font-size: 12px;
    color: #333333;
    background-color: #ffffff;
}

h1 {
    font-size: 24px;
    font-weight: bold;
}

h2 {
    font-size: 18px;
    font-weight: bold;
}
    &amp;lt;/style&amp;gt;
&amp;lt;/head&amp;gt;
&amp;lt;body&amp;gt;

&amp;lt;h1&amp;gt;Charles Error Report&amp;lt;/h1&amp;gt;
&amp;lt;h2&amp;gt;Failed to connect to remote host&amp;lt;/h2&amp;gt;
&amp;lt;p&amp;gt;Charles failed to connect to the remote host. Check that your Internet connection is ok and that the remote host is accessible. Maybe your network uses a proxy server to access the Internet? You can configure Charles to use an external proxy server in the External Proxy Settings.&amp;lt;/p&amp;gt;
&amp;lt;p&amp;gt;The actual exception reported was:&amp;lt;/p&amp;gt;
&amp;lt;pre&amp;gt;
java.net.ConnectException: Connection refused
&amp;lt;/pre&amp;gt;

&amp;lt;p&amp;gt;
&amp;lt;i&amp;gt;Charles Proxy, &amp;lt;a href=&amp;quot;http://www.charlesproxy.com/&amp;quot;&amp;gt;http://www.charlesproxy.com/&amp;lt;/a&amp;gt;&amp;lt;/i&amp;gt;
&amp;lt;/p&amp;gt;
&amp;lt;/body&amp;gt;
&amp;lt;/html&amp;gt;
Command duration or timeout: 141 milliseconds
Build info: version: &amp;apos;2.51.0&amp;apos;, revision: &amp;apos;1af067dbcaedd7d2ab9af5151fc471d363d97193&amp;apos;, time: &amp;apos;2016-02-05 11:20:57&amp;apos;
System info: host: &amp;apos;localhost&amp;apos;, ip: &amp;apos;127.0.0.1&amp;apos;, os.name: &amp;apos;Mac OS X&amp;apos;, os.arch: &amp;apos;x86_64&amp;apos;, os.version: &amp;apos;10.11.1&amp;apos;, java.version: &amp;apos;1.8.0_60&amp;apos;
Driver info: org.openqa.selenium.firefox.FirefoxDriver">
      <![CDATA[org.openqa.selenium.WebDriverException: <html>
<head>
    <title>Charles Error Report</title>
    <style type="text/css">
body {
    font-family: Arial,Helvetica,Sans-serif;
    font-size: 12px;
    color: #333333;
    background-color: #ffffff;
}

h1 {
    font-size: 24px;
    font-weight: bold;
}

h2 {
    font-size: 18px;
    font-weight: bold;
}
    </style>
</head>
<body>

<h1>Charles Error Report</h1>
<h2>Failed to connect to remote host</h2>
<p>Charles failed to connect to the remote host. Check that your Internet connection is ok and that the remote host is accessible. Maybe your network uses a proxy server to access the Internet? You can configure Charles to use an external proxy server in the External Proxy Settings.</p>
<p>The actual exception reported was:</p>
<pre>
java.net.ConnectException: Connection refused
</pre>

<p>
<i>Charles Proxy, <a href="http://www.charlesproxy.com/">http://www.charlesproxy.com/</a></i>
</p>
</body>
</html>
Command duration or timeout: 141 milliseconds
Build info: version: '2.51.0', revision: '1af067dbcaedd7d2ab9af5151fc471d363d97193', time: '2016-02-05 11:20:57'
System info: host: 'localhost', ip: '127.0.0.1', os.name: 'Mac OS X', os.arch: 'x86_64', os.version: '10.11.1', java.version: '1.8.0_60'
Driver info: org.openqa.selenium.firefox.FirefoxDriver
	at org.openqa.selenium.remote.ErrorHandler.createThrowable(ErrorHandler.java:206)
	at org.openqa.selenium.remote.ErrorHandler.throwIfResponseFailed(ErrorHandler.java:158)
	at org.openqa.selenium.remote.RemoteWebDriver.execute(RemoteWebDriver.java:678)
	at org.openqa.selenium.remote.RemoteWebDriver.startSession(RemoteWebDriver.java:249)
	at org.openqa.selenium.remote.RemoteWebDriver.<init>(RemoteWebDriver.java:131)
	at org.openqa.selenium.firefox.FirefoxDriver.<init>(FirefoxDriver.java:216)
	at org.openqa.selenium.firefox.FirefoxDriver.<init>(FirefoxDriver.java:211)
	at org.openqa.selenium.firefox.FirefoxDriver.<init>(FirefoxDriver.java:207)
	at org.openqa.selenium.firefox.FirefoxDriver.<init>(FirefoxDriver.java:124)
	at com.Functions.Functions.startCharlesSession(Functions.java:541)
	at com.Functions.Smoke_Run.beforeTest(Smoke_Run.java:235)
... Removed 26 stack frames]]>
    </failure>
  </testcase> <!-- @BeforeTest beforeTest -->
  <testcase name="@BeforeMethod beforeMethod" time="0.0" classname="com.Functions.Smoke_Run">
    <skipped/>
  </testcase> <!-- @BeforeMethod beforeMethod -->
  <testcase name="@AfterMethod afterMethod" time="0.0" classname="com.Functions.Smoke_Run">
    <skipped/>
  </testcase> <!-- @AfterMethod afterMethod -->
  <testcase name="@BeforeMethod beforeMethod" time="0.0" classname="com.Functions.Smoke_Run">
    <skipped/>
  </testcase> <!-- @BeforeMethod beforeMethod -->
  <testcase name="@AfterMethod afterMethod" time="0.0" classname="com.Functions.Smoke_Run">
    <skipped/>
  </testcase> <!-- @AfterMethod afterMethod -->
  <testcase name="@BeforeMethod beforeMethod" time="0.0" classname="com.Functions.Smoke_Run">
    <skipped/>
  </testcase> <!-- @BeforeMethod beforeMethod -->
  <testcase name="@AfterMethod afterMethod" time="0.0" classname="com.Functions.Smoke_Run">
    <skipped/>
  </testcase> <!-- @AfterMethod afterMethod -->
  <testcase name="@BeforeMethod beforeMethod" time="0.0" classname="com.Functions.Smoke_Run">
    <skipped/>
  </testcase> <!-- @BeforeMethod beforeMethod -->
  <testcase name="@AfterMethod afterMethod" time="0.0" classname="com.Functions.Smoke_Run">
    <skipped/>
  </testcase> <!-- @AfterMethod afterMethod -->
  <testcase name="@BeforeMethod beforeMethod" time="0.0" classname="com.Functions.Smoke_Run">
    <skipped/>
  </testcase> <!-- @BeforeMethod beforeMethod -->
  <testcase name="@AfterMethod afterMethod" time="0.0" classname="com.Functions.Smoke_Run">
    <skipped/>
  </testcase> <!-- @AfterMethod afterMethod -->
  <testcase name="@BeforeMethod beforeMethod" time="0.0" classname="com.Functions.Smoke_Run">
    <skipped/>
  </testcase> <!-- @BeforeMethod beforeMethod -->
  <testcase name="@AfterMethod afterMethod" time="0.0" classname="com.Functions.Smoke_Run">
    <skipped/>
  </testcase> <!-- @AfterMethod afterMethod -->
  <testcase name="@BeforeMethod beforeMethod" time="0.0" classname="com.Functions.Smoke_Run">
    <skipped/>
  </testcase> <!-- @BeforeMethod beforeMethod -->
  <testcase name="@AfterMethod afterMethod" time="0.0" classname="com.Functions.Smoke_Run">
    <skipped/>
  </testcase> <!-- @AfterMethod afterMethod -->
  <testcase name="@BeforeMethod beforeMethod" time="0.0" classname="com.Functions.Smoke_Run">
    <skipped/>
  </testcase> <!-- @BeforeMethod beforeMethod -->
  <testcase name="@AfterMethod afterMethod" time="0.0" classname="com.Functions.Smoke_Run">
    <skipped/>
  </testcase> <!-- @AfterMethod afterMethod -->
  <testcase name="@BeforeMethod beforeMethod" time="0.0" classname="com.Functions.Smoke_Run">
    <skipped/>
  </testcase> <!-- @BeforeMethod beforeMethod -->
  <testcase name="@AfterMethod afterMethod" time="0.0" classname="com.Functions.Smoke_Run">
    <skipped/>
  </testcase> <!-- @AfterMethod afterMethod -->
  <testcase name="@BeforeMethod beforeMethod" time="0.0" classname="com.Functions.Smoke_Run">
    <skipped/>
  </testcase> <!-- @BeforeMethod beforeMethod -->
  <testcase name="@AfterMethod afterMethod" time="0.0" classname="com.Functions.Smoke_Run">
    <skipped/>
  </testcase> <!-- @AfterMethod afterMethod -->
  <testcase name="@BeforeMethod beforeMethod" time="0.0" classname="com.Functions.Smoke_Run">
    <skipped/>
  </testcase> <!-- @BeforeMethod beforeMethod -->
  <testcase name="@AfterMethod afterMethod" time="0.0" classname="com.Functions.Smoke_Run">
    <skipped/>
  </testcase> <!-- @AfterMethod afterMethod -->
  <testcase name="@BeforeMethod beforeMethod" time="0.0" classname="com.Functions.Smoke_Run">
    <skipped/>
  </testcase> <!-- @BeforeMethod beforeMethod -->
  <testcase name="@AfterMethod afterMethod" time="0.0" classname="com.Functions.Smoke_Run">
    <skipped/>
  </testcase> <!-- @AfterMethod afterMethod -->
  <testcase name="@BeforeMethod beforeMethod" time="0.0" classname="com.Functions.Smoke_Run">
    <skipped/>
  </testcase> <!-- @BeforeMethod beforeMethod -->
  <testcase name="@AfterMethod afterMethod" time="0.0" classname="com.Functions.Smoke_Run">
    <skipped/>
  </testcase> <!-- @AfterMethod afterMethod -->
  <testcase name="@AfterTest afterTest" time="0.0" classname="com.Functions.Smoke_Run">
    <skipped/>
  </testcase> <!-- @AfterTest afterTest -->
  <testcase name="pullto_refresh" time="0.001" classname="com.Functions.Smoke_Run">
    <skipped/>
  </testcase> <!-- pullto_refresh -->
  <testcase name="cleanlaunch" time="0.0" classname="com.Functions.Smoke_Run">
    <skipped/>
  </testcase> <!-- cleanlaunch -->
  <testcase name="WFXTriggers_cxtg" time="0.001" classname="com.Functions.Smoke_Run">
    <skipped/>
  </testcase> <!-- WFXTriggers_cxtg -->
  <testcase name="WFXTriggers_Factuals" time="0.001" classname="com.Functions.Smoke_Run">
    <skipped/>
  </testcase> <!-- WFXTriggers_Factuals -->
  <testcase name="ad_crwd" time="0.001" classname="com.Functions.Smoke_Run">
    <skipped/>
  </testcase> <!-- ad_crwd -->
  <testcase name="extenedHourlyPage_ads" time="0.0" classname="com.Functions.Smoke_Run">
    <skipped/>
  </testcase> <!-- extenedHourlyPage_ads -->
  <testcase name="extenedDailyPage_ads" time="0.0" classname="com.Functions.Smoke_Run">
    <skipped/>
  </testcase> <!-- extenedDailyPage_ads -->
  <testcase name="extenedMapPage_ads" time="0.001" classname="com.Functions.Smoke_Run">
    <skipped/>
  </testcase> <!-- extenedMapPage_ads -->
  <testcase name="extenedNewsPage_ads" time="0.0" classname="com.Functions.Smoke_Run">
    <skipped/>
  </testcase> <!-- extenedNewsPage_ads -->
  <testcase name="setto_TestMode" time="0.0" classname="com.Functions.Smoke_Run">
    <skipped/>
  </testcase> <!-- setto_TestMode -->
  <testcase name="Verify_PrerollAd" time="0.001" classname="com.Functions.Smoke_Run">
    <skipped/>
  </testcase> <!-- Verify_PrerollAd -->
  <testcase name="extenedHurricane_ads" time="0.0" classname="com.Functions.Smoke_Run">
    <skipped/>
  </testcase> <!-- extenedHurricane_ads -->
  <testcase name="extenedLSModule_ads" time="0.001" classname="com.Functions.Smoke_Run">
    <skipped/>
  </testcase> <!-- extenedLSModule_ads -->
</testsuite> <!-- Smoke_iOS -->
