<?xml version="1.0" encoding="UTF-8"?>
<testng-results skipped="0" failed="0" total="1" passed="1">
  <reporter-output>
  </reporter-output>
  <suite name="Default suite" duration-ms="231870" started-at="2016-05-27T15:54:15Z" finished-at="2016-05-27T15:58:07Z">
    <groups>
    </groups>
    <test name="Default test" duration-ms="231870" started-at="2016-05-27T15:54:15Z" finished-at="2016-05-27T15:58:07Z">
      <class name="twc.Automation.SmokeTestCases.somkeTestCases">
        <test-method status="PASS" signature="Before_Test()[pri:0, instance:twc.Automation.SmokeTestCases.somkeTestCases@1134affc]" name="Before_Test" is-config="true" duration-ms="5353" started-at="2016-05-27T21:24:15Z" finished-at="2016-05-27T21:24:21Z">
          <reporter-output>
          </reporter-output>
        </test-method> <!-- Before_Test -->
        <test-method status="PASS" signature="Verify_Ad_Present_On_NewsExtended_page()[pri:0, instance:twc.Automation.SmokeTestCases.somkeTestCases@1134affc]" name="Verify_Ad_Present_On_NewsExtended_page" duration-ms="226505" started-at="2016-05-27T21:24:21Z" finished-at="2016-05-27T21:28:07Z">
          <reporter-output>
          </reporter-output>
        </test-method> <!-- Verify_Ad_Present_On_NewsExtended_page -->
      </class> <!-- twc.Automation.SmokeTestCases.somkeTestCases -->
    </test> <!-- Default test -->
  </suite> <!-- Default suite -->
</testng-results>
