<?xml version="1.0" encoding="UTF-8"?>
<testng-results skipped="0" failed="0" total="9" passed="9">
  <reporter-output>
  </reporter-output>
  <suite name="Default suite" duration-ms="424465" started-at="2016-05-30T13:41:41Z" finished-at="2016-05-30T13:48:46Z">
    <groups>
    </groups>
    <test name="Default test" duration-ms="424465" started-at="2016-05-30T13:41:41Z" finished-at="2016-05-30T13:48:46Z">
      <class name="twc.Automation.SmokeTestCases.somkeTestCases">
        <test-method status="PASS" signature="Before_Test()[pri:0, instance:twc.Automation.SmokeTestCases.somkeTestCases@d041cf]" name="Before_Test" is-config="true" duration-ms="10372" started-at="2016-05-30T19:11:41Z" finished-at="2016-05-30T19:11:52Z">
          <reporter-output>
          </reporter-output>
        </test-method> <!-- Before_Test -->
        <test-method status="PASS" signature="PulltoRefresh_Test_Case_Using_Charles()[pri:0, instance:twc.Automation.SmokeTestCases.somkeTestCases@d041cf]" name="PulltoRefresh_Test_Case_Using_Charles" duration-ms="61850" started-at="2016-05-30T19:11:52Z" finished-at="2016-05-30T19:12:54Z">
          <reporter-output>
          </reporter-output>
        </test-method> <!-- PulltoRefresh_Test_Case_Using_Charles -->
        <test-method status="PASS" signature="Clean_App_Launch()[pri:0, instance:twc.Automation.SmokeTestCases.somkeTestCases@d041cf]" name="Clean_App_Launch" duration-ms="88905" started-at="2016-05-30T19:12:54Z" finished-at="2016-05-30T19:14:23Z">
          <reporter-output>
          </reporter-output>
        </test-method> <!-- Clean_App_Launch -->
        <test-method status="PASS" signature="Verify_CXTG_Values()[pri:0, instance:twc.Automation.SmokeTestCases.somkeTestCases@d041cf]" name="Verify_CXTG_Values" duration-ms="136570" started-at="2016-05-30T19:14:23Z" finished-at="2016-05-30T19:16:39Z">
          <reporter-output>
          </reporter-output>
        </test-method> <!-- Verify_CXTG_Values -->
        <test-method status="PASS" signature="Factual_Test_Case_Using_Charles()[pri:0, instance:twc.Automation.SmokeTestCases.somkeTestCases@d041cf]" name="Factual_Test_Case_Using_Charles" duration-ms="253" started-at="2016-05-30T19:16:39Z" finished-at="2016-05-30T19:16:39Z">
          <reporter-output>
          </reporter-output>
        </test-method> <!-- Factual_Test_Case_Using_Charles -->
        <test-method status="PASS" signature="Lotame_Test_Case_Using_Charles()[pri:0, instance:twc.Automation.SmokeTestCases.somkeTestCases@d041cf]" name="Lotame_Test_Case_Using_Charles" duration-ms="147" started-at="2016-05-30T19:16:39Z" finished-at="2016-05-30T19:16:40Z">
          <reporter-output>
          </reporter-output>
        </test-method> <!-- Lotame_Test_Case_Using_Charles -->
        <test-method status="PASS" signature="Verify_Ad_Present_On_HourlyExtended_page()[pri:0, instance:twc.Automation.SmokeTestCases.somkeTestCases@d041cf]" name="Verify_Ad_Present_On_HourlyExtended_page" duration-ms="34294" started-at="2016-05-30T19:16:40Z" finished-at="2016-05-30T19:17:14Z">
          <reporter-output>
          </reporter-output>
        </test-method> <!-- Verify_Ad_Present_On_HourlyExtended_page -->
        <test-method status="PASS" signature="Verify_Ad_Present_On_DailyExtended_page()[pri:0, instance:twc.Automation.SmokeTestCases.somkeTestCases@d041cf]" name="Verify_Ad_Present_On_DailyExtended_page" duration-ms="7545" started-at="2016-05-30T19:17:14Z" finished-at="2016-05-30T19:17:21Z">
          <reporter-output>
          </reporter-output>
        </test-method> <!-- Verify_Ad_Present_On_DailyExtended_page -->
        <test-method status="PASS" signature="Verify_Ad_Present_On_MapsExtended_page()[pri:0, instance:twc.Automation.SmokeTestCases.somkeTestCases@d041cf]" name="Verify_Ad_Present_On_MapsExtended_page" duration-ms="12900" started-at="2016-05-30T19:17:21Z" finished-at="2016-05-30T19:17:34Z">
          <reporter-output>
          </reporter-output>
        </test-method> <!-- Verify_Ad_Present_On_MapsExtended_page -->
        <test-method status="PASS" signature="Verify_Ad_Present_On_NewsExtended_page()[pri:0, instance:twc.Automation.SmokeTestCases.somkeTestCases@d041cf]" name="Verify_Ad_Present_On_NewsExtended_page" duration-ms="71602" started-at="2016-05-30T19:17:34Z" finished-at="2016-05-30T19:18:46Z">
          <reporter-output>
          </reporter-output>
        </test-method> <!-- Verify_Ad_Present_On_NewsExtended_page -->
      </class> <!-- twc.Automation.SmokeTestCases.somkeTestCases -->
    </test> <!-- Default test -->
  </suite> <!-- Default suite -->
</testng-results>
