<?xml version="1.0" encoding="UTF-8"?>
<testng-results skipped="0" failed="1" total="13" passed="12">
  <reporter-output>
  </reporter-output>
  <suite name="Default suite" duration-ms="1885313" started-at="2016-07-01T08:58:42Z" finished-at="2016-07-01T09:30:07Z">
    <groups>
    </groups>
    <test name="Default test" duration-ms="1885313" started-at="2016-07-01T08:58:42Z" finished-at="2016-07-01T09:30:07Z">
      <class name="com.Functions.Smoke_Run">
        <test-method status="PASS" signature="beforeTest()[pri:0, instance:com.Functions.Smoke_Run@6fadae5d]" name="beforeTest" is-config="true" duration-ms="552207" started-at="2016-07-01T14:28:42Z" finished-at="2016-07-01T14:37:54Z">
          <reporter-output>
          </reporter-output>
        </test-method> <!-- beforeTest -->
        <test-method status="PASS" signature="beforeMethod()[pri:0, instance:com.Functions.Smoke_Run@6fadae5d]" name="beforeMethod" is-config="true" duration-ms="0" started-at="2016-07-01T14:37:54Z" finished-at="2016-07-01T14:37:54Z">
          <reporter-output>
          </reporter-output>
        </test-method> <!-- beforeMethod -->
        <test-method status="PASS" signature="pullto_refresh()[pri:0, instance:com.Functions.Smoke_Run@6fadae5d]" name="pullto_refresh" duration-ms="34067" started-at="2016-07-01T14:37:54Z" finished-at="2016-07-01T14:38:28Z">
          <reporter-output>
          </reporter-output>
        </test-method> <!-- pullto_refresh -->
        <test-method status="PASS" signature="cleanlaunch()[pri:0, instance:com.Functions.Smoke_Run@6fadae5d]" name="cleanlaunch" duration-ms="47721" started-at="2016-07-01T14:38:28Z" finished-at="2016-07-01T14:39:16Z">
          <reporter-output>
          </reporter-output>
        </test-method> <!-- cleanlaunch -->
        <test-method status="PASS" signature="afterMethod()[pri:0, instance:com.Functions.Smoke_Run@6fadae5d]" name="afterMethod" is-config="true" duration-ms="0" started-at="2016-07-01T14:38:28Z" finished-at="2016-07-01T14:38:28Z">
          <reporter-output>
          </reporter-output>
        </test-method> <!-- afterMethod -->
        <test-method status="PASS" signature="beforeMethod()[pri:0, instance:com.Functions.Smoke_Run@6fadae5d]" name="beforeMethod" is-config="true" duration-ms="0" started-at="2016-07-01T14:38:28Z" finished-at="2016-07-01T14:38:28Z">
          <reporter-output>
          </reporter-output>
        </test-method> <!-- beforeMethod -->
        <test-method status="PASS" signature="afterMethod()[pri:0, instance:com.Functions.Smoke_Run@6fadae5d]" name="afterMethod" is-config="true" duration-ms="1" started-at="2016-07-01T14:39:16Z" finished-at="2016-07-01T14:39:16Z">
          <reporter-output>
          </reporter-output>
        </test-method> <!-- afterMethod -->
        <test-method status="PASS" signature="WFXTriggers_cxtg()[pri:0, instance:com.Functions.Smoke_Run@6fadae5d]" name="WFXTriggers_cxtg" duration-ms="279827" started-at="2016-07-01T14:39:16Z" finished-at="2016-07-01T14:43:55Z">
          <reporter-output>
          </reporter-output>
        </test-method> <!-- WFXTriggers_cxtg -->
        <test-method status="PASS" signature="beforeMethod()[pri:0, instance:com.Functions.Smoke_Run@6fadae5d]" name="beforeMethod" is-config="true" duration-ms="0" started-at="2016-07-01T14:39:16Z" finished-at="2016-07-01T14:39:16Z">
          <reporter-output>
          </reporter-output>
        </test-method> <!-- beforeMethod -->
        <test-method status="PASS" signature="afterMethod()[pri:0, instance:com.Functions.Smoke_Run@6fadae5d]" name="afterMethod" is-config="true" duration-ms="0" started-at="2016-07-01T14:43:55Z" finished-at="2016-07-01T14:43:55Z">
          <reporter-output>
          </reporter-output>
        </test-method> <!-- afterMethod -->
        <test-method status="PASS" signature="WFXTriggers_Factuals()[pri:0, instance:com.Functions.Smoke_Run@6fadae5d]" name="WFXTriggers_Factuals" duration-ms="1647" started-at="2016-07-01T14:43:55Z" finished-at="2016-07-01T14:43:57Z">
          <reporter-output>
          </reporter-output>
        </test-method> <!-- WFXTriggers_Factuals -->
        <test-method status="PASS" signature="beforeMethod()[pri:0, instance:com.Functions.Smoke_Run@6fadae5d]" name="beforeMethod" is-config="true" duration-ms="0" started-at="2016-07-01T14:43:55Z" finished-at="2016-07-01T14:43:55Z">
          <reporter-output>
          </reporter-output>
        </test-method> <!-- beforeMethod -->
        <test-method status="PASS" signature="afterMethod()[pri:0, instance:com.Functions.Smoke_Run@6fadae5d]" name="afterMethod" is-config="true" duration-ms="0" started-at="2016-07-01T14:43:57Z" finished-at="2016-07-01T14:43:57Z">
          <reporter-output>
          </reporter-output>
        </test-method> <!-- afterMethod -->
        <test-method status="PASS" signature="ad_crwd()[pri:0, instance:com.Functions.Smoke_Run@6fadae5d]" name="ad_crwd" duration-ms="160" started-at="2016-07-01T14:43:57Z" finished-at="2016-07-01T14:43:57Z">
          <reporter-output>
          </reporter-output>
        </test-method> <!-- ad_crwd -->
        <test-method status="PASS" signature="beforeMethod()[pri:0, instance:com.Functions.Smoke_Run@6fadae5d]" name="beforeMethod" is-config="true" duration-ms="0" started-at="2016-07-01T14:43:57Z" finished-at="2016-07-01T14:43:57Z">
          <reporter-output>
          </reporter-output>
        </test-method> <!-- beforeMethod -->
        <test-method status="PASS" signature="afterMethod()[pri:0, instance:com.Functions.Smoke_Run@6fadae5d]" name="afterMethod" is-config="true" duration-ms="0" started-at="2016-07-01T14:43:57Z" finished-at="2016-07-01T14:43:57Z">
          <reporter-output>
          </reporter-output>
        </test-method> <!-- afterMethod -->
        <test-method status="PASS" signature="extenedHourlyPage_ads()[pri:0, instance:com.Functions.Smoke_Run@6fadae5d]" name="extenedHourlyPage_ads" duration-ms="68716" started-at="2016-07-01T14:43:57Z" finished-at="2016-07-01T14:45:06Z">
          <reporter-output>
          </reporter-output>
        </test-method> <!-- extenedHourlyPage_ads -->
        <test-method status="PASS" signature="beforeMethod()[pri:0, instance:com.Functions.Smoke_Run@6fadae5d]" name="beforeMethod" is-config="true" duration-ms="0" started-at="2016-07-01T14:43:57Z" finished-at="2016-07-01T14:43:57Z">
          <reporter-output>
          </reporter-output>
        </test-method> <!-- beforeMethod -->
        <test-method status="PASS" signature="afterMethod()[pri:0, instance:com.Functions.Smoke_Run@6fadae5d]" name="afterMethod" is-config="true" duration-ms="0" started-at="2016-07-01T14:45:06Z" finished-at="2016-07-01T14:45:06Z">
          <reporter-output>
          </reporter-output>
        </test-method> <!-- afterMethod -->
        <test-method status="PASS" signature="extenedDailyPage_ads()[pri:0, instance:com.Functions.Smoke_Run@6fadae5d]" name="extenedDailyPage_ads" duration-ms="69693" started-at="2016-07-01T14:45:06Z" finished-at="2016-07-01T14:46:16Z">
          <reporter-output>
          </reporter-output>
        </test-method> <!-- extenedDailyPage_ads -->
        <test-method status="PASS" signature="beforeMethod()[pri:0, instance:com.Functions.Smoke_Run@6fadae5d]" name="beforeMethod" is-config="true" duration-ms="0" started-at="2016-07-01T14:45:06Z" finished-at="2016-07-01T14:45:06Z">
          <reporter-output>
          </reporter-output>
        </test-method> <!-- beforeMethod -->
        <test-method status="PASS" signature="afterMethod()[pri:0, instance:com.Functions.Smoke_Run@6fadae5d]" name="afterMethod" is-config="true" duration-ms="0" started-at="2016-07-01T14:46:16Z" finished-at="2016-07-01T14:46:16Z">
          <reporter-output>
          </reporter-output>
        </test-method> <!-- afterMethod -->
        <test-method status="PASS" signature="extenedMapPage_ads()[pri:0, instance:com.Functions.Smoke_Run@6fadae5d]" name="extenedMapPage_ads" duration-ms="84837" started-at="2016-07-01T14:46:16Z" finished-at="2016-07-01T14:47:41Z">
          <reporter-output>
          </reporter-output>
        </test-method> <!-- extenedMapPage_ads -->
        <test-method status="PASS" signature="beforeMethod()[pri:0, instance:com.Functions.Smoke_Run@6fadae5d]" name="beforeMethod" is-config="true" duration-ms="0" started-at="2016-07-01T14:46:16Z" finished-at="2016-07-01T14:46:16Z">
          <reporter-output>
          </reporter-output>
        </test-method> <!-- beforeMethod -->
        <test-method status="PASS" signature="beforeMethod()[pri:0, instance:com.Functions.Smoke_Run@6fadae5d]" name="beforeMethod" is-config="true" duration-ms="0" started-at="2016-07-01T14:47:41Z" finished-at="2016-07-01T14:47:41Z">
          <reporter-output>
          </reporter-output>
        </test-method> <!-- beforeMethod -->
        <test-method status="PASS" signature="afterMethod()[pri:0, instance:com.Functions.Smoke_Run@6fadae5d]" name="afterMethod" is-config="true" duration-ms="0" started-at="2016-07-01T14:47:41Z" finished-at="2016-07-01T14:47:41Z">
          <reporter-output>
          </reporter-output>
        </test-method> <!-- afterMethod -->
        <test-method status="PASS" signature="extenedNewsPage_ads()[pri:0, instance:com.Functions.Smoke_Run@6fadae5d]" name="extenedNewsPage_ads" duration-ms="197778" started-at="2016-07-01T14:47:41Z" finished-at="2016-07-01T14:50:58Z">
          <reporter-output>
          </reporter-output>
        </test-method> <!-- extenedNewsPage_ads -->
        <test-method status="PASS" signature="Verifu_Pubadcall_in_TestMode()[pri:0, instance:com.Functions.Smoke_Run@6fadae5d]" name="Verifu_Pubadcall_in_TestMode" duration-ms="147457" started-at="2016-07-01T14:50:58Z" finished-at="2016-07-01T14:53:26Z">
          <reporter-output>
          </reporter-output>
        </test-method> <!-- Verifu_Pubadcall_in_TestMode -->
        <test-method status="PASS" signature="afterMethod()[pri:0, instance:com.Functions.Smoke_Run@6fadae5d]" name="afterMethod" is-config="true" duration-ms="0" started-at="2016-07-01T14:50:58Z" finished-at="2016-07-01T14:50:58Z">
          <reporter-output>
          </reporter-output>
        </test-method> <!-- afterMethod -->
        <test-method status="PASS" signature="beforeMethod()[pri:0, instance:com.Functions.Smoke_Run@6fadae5d]" name="beforeMethod" is-config="true" duration-ms="0" started-at="2016-07-01T14:50:58Z" finished-at="2016-07-01T14:50:58Z">
          <reporter-output>
          </reporter-output>
        </test-method> <!-- beforeMethod -->
        <test-method status="PASS" signature="afterMethod()[pri:0, instance:com.Functions.Smoke_Run@6fadae5d]" name="afterMethod" is-config="true" duration-ms="0" started-at="2016-07-01T14:53:26Z" finished-at="2016-07-01T14:53:26Z">
          <reporter-output>
          </reporter-output>
        </test-method> <!-- afterMethod -->
        <test-method status="PASS" signature="Verify_PrerollAd()[pri:0, instance:com.Functions.Smoke_Run@6fadae5d]" name="Verify_PrerollAd" duration-ms="89757" started-at="2016-07-01T14:53:26Z" finished-at="2016-07-01T14:54:56Z">
          <reporter-output>
          </reporter-output>
        </test-method> <!-- Verify_PrerollAd -->
        <test-method status="PASS" signature="beforeMethod()[pri:0, instance:com.Functions.Smoke_Run@6fadae5d]" name="beforeMethod" is-config="true" duration-ms="0" started-at="2016-07-01T14:53:26Z" finished-at="2016-07-01T14:53:26Z">
          <reporter-output>
          </reporter-output>
        </test-method> <!-- beforeMethod -->
        <test-method status="PASS" signature="afterMethod()[pri:0, instance:com.Functions.Smoke_Run@6fadae5d]" name="afterMethod" is-config="true" duration-ms="1" started-at="2016-07-01T14:54:56Z" finished-at="2016-07-01T14:54:56Z">
          <reporter-output>
          </reporter-output>
        </test-method> <!-- afterMethod -->
        <test-method status="PASS" signature="extenedHurricane_ads()[pri:0, instance:com.Functions.Smoke_Run@6fadae5d]" name="extenedHurricane_ads" duration-ms="166487" started-at="2016-07-01T14:54:56Z" finished-at="2016-07-01T14:57:42Z">
          <reporter-output>
          </reporter-output>
        </test-method> <!-- extenedHurricane_ads -->
        <test-method status="PASS" signature="beforeMethod()[pri:0, instance:com.Functions.Smoke_Run@6fadae5d]" name="beforeMethod" is-config="true" duration-ms="0" started-at="2016-07-01T14:54:56Z" finished-at="2016-07-01T14:54:56Z">
          <reporter-output>
          </reporter-output>
        </test-method> <!-- beforeMethod -->
        <test-method status="PASS" signature="afterMethod()[pri:0, instance:com.Functions.Smoke_Run@6fadae5d]" name="afterMethod" is-config="true" duration-ms="1" started-at="2016-07-01T14:57:42Z" finished-at="2016-07-01T14:57:42Z">
          <reporter-output>
          </reporter-output>
        </test-method> <!-- afterMethod -->
        <test-method status="FAIL" signature="extenedLSModule_ads()[pri:0, instance:com.Functions.Smoke_Run@6fadae5d]" name="extenedLSModule_ads" duration-ms="135879" started-at="2016-07-01T14:57:42Z" finished-at="2016-07-01T14:59:58Z">
          <exception class="org.openqa.selenium.NoSuchElementException">
            <message>
              <![CDATA[An element could not be located on the page using the given search parameters. (WARNING: The server did not provide any stacktrace information)
Command duration or timeout: 20.88 seconds
For documentation on this error, please visit: http://seleniumhq.org/exceptions/no_such_element.html
Build info: version: '2.51.0', revision: '1af067dbcaedd7d2ab9af5151fc471d363d97193', time: '2016-02-05 11:20:57'
System info: host: 'localhost', ip: '127.0.0.1', os.name: 'Mac OS X', os.arch: 'x86_64', os.version: '10.11.1', java.version: '1.8.0_60'
Driver info: io.appium.java_client.ios.IOSDriver
Capabilities [{app=/Users/aparna/Documents/Naresh/com.werather.SmokeiOS/Build/TheWeatherASDev.ipa, appPackage=com.weather.Weather, networkConnectionEnabled=false, warnings={}, bundleId=com.weather.TWC, --session-override=true, databaseEnabled=false, deviceName==iPhone 6 (9.1) [caea71833e3ca5e0adb5070514485bdeb8827951], platform=MAC, desired={app=/Users/aparna/Documents/Naresh/com.werather.SmokeiOS/Build/TheWeatherASDev.ipa, appPackage=com.weather.Weather, bundleId=com.weather.TWC, --session-override=true, deviceName==iPhone 6 (9.1) [caea71833e3ca5e0adb5070514485bdeb8827951], appium-version=1.5.1, fullRest=true, newCommandTimeout=100000.0, autoLaunch=true, platformVersion=9.1, forceIphone=true, platformName=iOS, device=iPhone, autoAcceptAlerts=true}, appium-version=1.5.1, fullRest=true, newCommandTimeout=100000.0, autoLaunch=true, platformVersion=9.1, forceIphone=true, webStorageEnabled=false, locationContextEnabled=false, browserName=iOS, takesScreenshot=true, javascriptEnabled=true, platformName=iOS, device=iPhone, autoAcceptAlerts=true}]
Session ID: 68a10112-9074-4052-be12-35e39bdfa7d7
*** Element info: {Using=xpath, value=//UIAApplication[1]/UIAWindow[1]/UIACollectionView[1]/UIACollectionCell[xpath]/UIAWebView[1]}]]>
            </message>
            <full-stacktrace>
              <![CDATA[org.openqa.selenium.NoSuchElementException: An element could not be located on the page using the given search parameters. (WARNING: The server did not provide any stacktrace information)
Command duration or timeout: 20.88 seconds
For documentation on this error, please visit: http://seleniumhq.org/exceptions/no_such_element.html
Build info: version: '2.51.0', revision: '1af067dbcaedd7d2ab9af5151fc471d363d97193', time: '2016-02-05 11:20:57'
System info: host: 'localhost', ip: '127.0.0.1', os.name: 'Mac OS X', os.arch: 'x86_64', os.version: '10.11.1', java.version: '1.8.0_60'
Driver info: io.appium.java_client.ios.IOSDriver
Capabilities [{app=/Users/aparna/Documents/Naresh/com.werather.SmokeiOS/Build/TheWeatherASDev.ipa, appPackage=com.weather.Weather, networkConnectionEnabled=false, warnings={}, bundleId=com.weather.TWC, --session-override=true, databaseEnabled=false, deviceName==iPhone 6 (9.1) [caea71833e3ca5e0adb5070514485bdeb8827951], platform=MAC, desired={app=/Users/aparna/Documents/Naresh/com.werather.SmokeiOS/Build/TheWeatherASDev.ipa, appPackage=com.weather.Weather, bundleId=com.weather.TWC, --session-override=true, deviceName==iPhone 6 (9.1) [caea71833e3ca5e0adb5070514485bdeb8827951], appium-version=1.5.1, fullRest=true, newCommandTimeout=100000.0, autoLaunch=true, platformVersion=9.1, forceIphone=true, platformName=iOS, device=iPhone, autoAcceptAlerts=true}, appium-version=1.5.1, fullRest=true, newCommandTimeout=100000.0, autoLaunch=true, platformVersion=9.1, forceIphone=true, webStorageEnabled=false, locationContextEnabled=false, browserName=iOS, takesScreenshot=true, javascriptEnabled=true, platformName=iOS, device=iPhone, autoAcceptAlerts=true}]
Session ID: 68a10112-9074-4052-be12-35e39bdfa7d7
*** Element info: {Using=xpath, value=//UIAApplication[1]/UIAWindow[1]/UIACollectionView[1]/UIACollectionCell[xpath]/UIAWebView[1]}
	at sun.reflect.NativeConstructorAccessorImpl.newInstance0(Native Method)
	at sun.reflect.NativeConstructorAccessorImpl.newInstance(NativeConstructorAccessorImpl.java:62)
	at sun.reflect.DelegatingConstructorAccessorImpl.newInstance(DelegatingConstructorAccessorImpl.java:45)
	at java.lang.reflect.Constructor.newInstance(Constructor.java:422)
	at org.openqa.selenium.remote.ErrorHandler.createThrowable(ErrorHandler.java:206)
	at org.openqa.selenium.remote.ErrorHandler.throwIfResponseFailed(ErrorHandler.java:158)
	at org.openqa.selenium.remote.RemoteWebDriver.execute(RemoteWebDriver.java:678)
	at io.appium.java_client.DefaultGenericMobileDriver.execute(DefaultGenericMobileDriver.java:43)
	at io.appium.java_client.AppiumDriver.execute(AppiumDriver.java:1)
	at io.appium.java_client.ios.IOSDriver.execute(IOSDriver.java:1)
	at org.openqa.selenium.remote.RemoteWebDriver.findElement(RemoteWebDriver.java:363)
	at org.openqa.selenium.remote.RemoteWebDriver.findElementByXPath(RemoteWebDriver.java:500)
	at io.appium.java_client.DefaultGenericMobileDriver.findElementByXPath(DefaultGenericMobileDriver.java:129)
	at io.appium.java_client.AppiumDriver.findElementByXPath(AppiumDriver.java:1)
	at io.appium.java_client.ios.IOSDriver.findElementByXPath(IOSDriver.java:1)
	at com.Functions.Functions.Verify_Adpresenton_extendedPages(Functions.java:1526)
	at com.Functions.Smoke_Run.extenedLSModule_ads(Smoke_Run.java:215)
	at sun.reflect.NativeMethodAccessorImpl.invoke0(Native Method)
	at sun.reflect.NativeMethodAccessorImpl.invoke(NativeMethodAccessorImpl.java:62)
	at sun.reflect.DelegatingMethodAccessorImpl.invoke(DelegatingMethodAccessorImpl.java:43)
	at java.lang.reflect.Method.invoke(Method.java:497)
	at org.testng.internal.MethodInvocationHelper.invokeMethod(MethodInvocationHelper.java:85)
	at org.testng.internal.Invoker.invokeMethod(Invoker.java:659)
	at org.testng.internal.Invoker.invokeTestMethod(Invoker.java:845)
	at org.testng.internal.Invoker.invokeTestMethods(Invoker.java:1153)
	at org.testng.internal.TestMethodWorker.invokeTestMethods(TestMethodWorker.java:125)
	at org.testng.internal.TestMethodWorker.run(TestMethodWorker.java:108)
	at org.testng.TestRunner.privateRun(TestRunner.java:771)
	at org.testng.TestRunner.run(TestRunner.java:621)
	at org.testng.SuiteRunner.runTest(SuiteRunner.java:357)
	at org.testng.SuiteRunner.runSequentially(SuiteRunner.java:352)
	at org.testng.SuiteRunner.privateRun(SuiteRunner.java:310)
	at org.testng.SuiteRunner.run(SuiteRunner.java:259)
	at org.testng.SuiteRunnerWorker.runSuite(SuiteRunnerWorker.java:52)
	at org.testng.SuiteRunnerWorker.run(SuiteRunnerWorker.java:86)
	at org.testng.TestNG.runSuitesSequentially(TestNG.java:1199)
	at org.testng.TestNG.runSuitesLocally(TestNG.java:1124)
	at org.testng.TestNG.run(TestNG.java:1032)
	at org.testng.remote.RemoteTestNG.run(RemoteTestNG.java:111)
	at org.testng.remote.RemoteTestNG.initAndRun(RemoteTestNG.java:204)
	at org.testng.remote.RemoteTestNG.main(RemoteTestNG.java:175)
]]>
            </full-stacktrace>
          </exception> <!-- org.openqa.selenium.NoSuchElementException -->
          <reporter-output>
          </reporter-output>
        </test-method> <!-- extenedLSModule_ads -->
        <test-method status="PASS" signature="beforeMethod()[pri:0, instance:com.Functions.Smoke_Run@6fadae5d]" name="beforeMethod" is-config="true" duration-ms="0" started-at="2016-07-01T14:57:42Z" finished-at="2016-07-01T14:57:42Z">
          <reporter-output>
          </reporter-output>
        </test-method> <!-- beforeMethod -->
        <test-method status="PASS" signature="afterMethod()[pri:0, instance:com.Functions.Smoke_Run@6fadae5d]" name="afterMethod" is-config="true" duration-ms="0" started-at="2016-07-01T14:59:58Z" finished-at="2016-07-01T14:59:58Z">
          <reporter-output>
          </reporter-output>
        </test-method> <!-- afterMethod -->
        <test-method status="PASS" signature="afterTest()[pri:0, instance:com.Functions.Smoke_Run@6fadae5d]" name="afterTest" is-config="true" duration-ms="8981" started-at="2016-07-01T14:59:58Z" finished-at="2016-07-01T15:00:07Z">
          <reporter-output>
          </reporter-output>
        </test-method> <!-- afterTest -->
      </class> <!-- com.Functions.Smoke_Run -->
    </test> <!-- Default test -->
  </suite> <!-- Default suite -->
</testng-results>
