<?xml version="1.0" encoding="UTF-8"?>
<testng-results skipped="0" failed="1" total="14" passed="13">
  <reporter-output>
  </reporter-output>
  <suite name="Suite" duration-ms="2050573" started-at="2016-06-29T05:46:15Z" finished-at="2016-06-29T06:20:26Z">
    <groups>
    </groups>
    <test name="Smoke_iOS" duration-ms="1633076" started-at="2016-06-29T05:46:15Z" finished-at="2016-06-29T06:13:28Z">
      <class name="com.Functions.Smoke_Run">
        <test-method status="PASS" signature="beforeTest()[pri:0, instance:com.Functions.Smoke_Run@21bcffb5]" name="beforeTest" is-config="true" duration-ms="316212" started-at="2016-06-29T11:16:15Z" finished-at="2016-06-29T11:21:32Z">
          <reporter-output>
          </reporter-output>
        </test-method> <!-- beforeTest -->
        <test-method status="PASS" signature="beforeMethod()[pri:0, instance:com.Functions.Smoke_Run@21bcffb5]" name="beforeMethod" is-config="true" duration-ms="0" started-at="2016-06-29T11:21:32Z" finished-at="2016-06-29T11:21:32Z">
          <reporter-output>
          </reporter-output>
        </test-method> <!-- beforeMethod -->
        <test-method status="PASS" signature="pullto_refresh()[pri:0, instance:com.Functions.Smoke_Run@21bcffb5]" name="pullto_refresh" duration-ms="16811" started-at="2016-06-29T11:21:32Z" finished-at="2016-06-29T11:21:48Z">
          <reporter-output>
          </reporter-output>
        </test-method> <!-- pullto_refresh -->
        <test-method status="PASS" signature="afterMethod()[pri:0, instance:com.Functions.Smoke_Run@21bcffb5]" name="afterMethod" is-config="true" duration-ms="0" started-at="2016-06-29T11:21:48Z" finished-at="2016-06-29T11:21:48Z">
          <reporter-output>
          </reporter-output>
        </test-method> <!-- afterMethod -->
        <test-method status="PASS" signature="cleanlaunch()[pri:0, instance:com.Functions.Smoke_Run@21bcffb5]" name="cleanlaunch" duration-ms="46054" started-at="2016-06-29T11:21:48Z" finished-at="2016-06-29T11:22:34Z">
          <reporter-output>
          </reporter-output>
        </test-method> <!-- cleanlaunch -->
        <test-method status="PASS" signature="beforeMethod()[pri:0, instance:com.Functions.Smoke_Run@21bcffb5]" name="beforeMethod" is-config="true" duration-ms="0" started-at="2016-06-29T11:21:48Z" finished-at="2016-06-29T11:21:48Z">
          <reporter-output>
          </reporter-output>
        </test-method> <!-- beforeMethod -->
        <test-method status="PASS" signature="beforeMethod()[pri:0, instance:com.Functions.Smoke_Run@21bcffb5]" name="beforeMethod" is-config="true" duration-ms="1" started-at="2016-06-29T11:22:34Z" finished-at="2016-06-29T11:22:34Z">
          <reporter-output>
          </reporter-output>
        </test-method> <!-- beforeMethod -->
        <test-method status="PASS" signature="afterMethod()[pri:0, instance:com.Functions.Smoke_Run@21bcffb5]" name="afterMethod" is-config="true" duration-ms="0" started-at="2016-06-29T11:22:34Z" finished-at="2016-06-29T11:22:34Z">
          <reporter-output>
          </reporter-output>
        </test-method> <!-- afterMethod -->
        <test-method status="PASS" signature="WFXTriggers_cxtg()[pri:0, instance:com.Functions.Smoke_Run@21bcffb5]" name="WFXTriggers_cxtg" duration-ms="260295" started-at="2016-06-29T11:22:34Z" finished-at="2016-06-29T11:26:55Z">
          <reporter-output>
          </reporter-output>
        </test-method> <!-- WFXTriggers_cxtg -->
        <test-method status="PASS" signature="afterMethod()[pri:0, instance:com.Functions.Smoke_Run@21bcffb5]" name="afterMethod" is-config="true" duration-ms="0" started-at="2016-06-29T11:26:55Z" finished-at="2016-06-29T11:26:55Z">
          <reporter-output>
          </reporter-output>
        </test-method> <!-- afterMethod -->
        <test-method status="PASS" signature="beforeMethod()[pri:0, instance:com.Functions.Smoke_Run@21bcffb5]" name="beforeMethod" is-config="true" duration-ms="0" started-at="2016-06-29T11:26:55Z" finished-at="2016-06-29T11:26:55Z">
          <reporter-output>
          </reporter-output>
        </test-method> <!-- beforeMethod -->
        <test-method status="PASS" signature="WFXTriggers_Factuals()[pri:0, instance:com.Functions.Smoke_Run@21bcffb5]" name="WFXTriggers_Factuals" duration-ms="1041" started-at="2016-06-29T11:26:55Z" finished-at="2016-06-29T11:26:56Z">
          <reporter-output>
          </reporter-output>
        </test-method> <!-- WFXTriggers_Factuals -->
        <test-method status="PASS" signature="afterMethod()[pri:0, instance:com.Functions.Smoke_Run@21bcffb5]" name="afterMethod" is-config="true" duration-ms="0" started-at="2016-06-29T11:26:56Z" finished-at="2016-06-29T11:26:56Z">
          <reporter-output>
          </reporter-output>
        </test-method> <!-- afterMethod -->
        <test-method status="PASS" signature="ad_crwd()[pri:0, instance:com.Functions.Smoke_Run@21bcffb5]" name="ad_crwd" duration-ms="27" started-at="2016-06-29T11:26:56Z" finished-at="2016-06-29T11:26:56Z">
          <reporter-output>
          </reporter-output>
        </test-method> <!-- ad_crwd -->
        <test-method status="PASS" signature="beforeMethod()[pri:0, instance:com.Functions.Smoke_Run@21bcffb5]" name="beforeMethod" is-config="true" duration-ms="0" started-at="2016-06-29T11:26:56Z" finished-at="2016-06-29T11:26:56Z">
          <reporter-output>
          </reporter-output>
        </test-method> <!-- beforeMethod -->
        <test-method status="PASS" signature="afterMethod()[pri:0, instance:com.Functions.Smoke_Run@21bcffb5]" name="afterMethod" is-config="true" duration-ms="0" started-at="2016-06-29T11:26:56Z" finished-at="2016-06-29T11:26:56Z">
          <reporter-output>
          </reporter-output>
        </test-method> <!-- afterMethod -->
        <test-method status="PASS" signature="extenedHourlyPage_ads()[pri:0, instance:com.Functions.Smoke_Run@21bcffb5]" name="extenedHourlyPage_ads" duration-ms="68958" started-at="2016-06-29T11:26:56Z" finished-at="2016-06-29T11:28:05Z">
          <reporter-output>
          </reporter-output>
        </test-method> <!-- extenedHourlyPage_ads -->
        <test-method status="PASS" signature="beforeMethod()[pri:0, instance:com.Functions.Smoke_Run@21bcffb5]" name="beforeMethod" is-config="true" duration-ms="0" started-at="2016-06-29T11:26:56Z" finished-at="2016-06-29T11:26:56Z">
          <reporter-output>
          </reporter-output>
        </test-method> <!-- beforeMethod -->
        <test-method status="PASS" signature="extenedDailyPage_ads()[pri:0, instance:com.Functions.Smoke_Run@21bcffb5]" name="extenedDailyPage_ads" duration-ms="68998" started-at="2016-06-29T11:28:05Z" finished-at="2016-06-29T11:29:14Z">
          <reporter-output>
          </reporter-output>
        </test-method> <!-- extenedDailyPage_ads -->
        <test-method status="PASS" signature="beforeMethod()[pri:0, instance:com.Functions.Smoke_Run@21bcffb5]" name="beforeMethod" is-config="true" duration-ms="0" started-at="2016-06-29T11:28:05Z" finished-at="2016-06-29T11:28:05Z">
          <reporter-output>
          </reporter-output>
        </test-method> <!-- beforeMethod -->
        <test-method status="PASS" signature="afterMethod()[pri:0, instance:com.Functions.Smoke_Run@21bcffb5]" name="afterMethod" is-config="true" duration-ms="0" started-at="2016-06-29T11:28:05Z" finished-at="2016-06-29T11:28:05Z">
          <reporter-output>
          </reporter-output>
        </test-method> <!-- afterMethod -->
        <test-method status="PASS" signature="afterMethod()[pri:0, instance:com.Functions.Smoke_Run@21bcffb5]" name="afterMethod" is-config="true" duration-ms="0" started-at="2016-06-29T11:29:14Z" finished-at="2016-06-29T11:29:14Z">
          <reporter-output>
          </reporter-output>
        </test-method> <!-- afterMethod -->
        <test-method status="PASS" signature="beforeMethod()[pri:0, instance:com.Functions.Smoke_Run@21bcffb5]" name="beforeMethod" is-config="true" duration-ms="0" started-at="2016-06-29T11:29:14Z" finished-at="2016-06-29T11:29:14Z">
          <reporter-output>
          </reporter-output>
        </test-method> <!-- beforeMethod -->
        <test-method status="PASS" signature="extenedMapPage_ads()[pri:0, instance:com.Functions.Smoke_Run@21bcffb5]" name="extenedMapPage_ads" duration-ms="61534" started-at="2016-06-29T11:29:14Z" finished-at="2016-06-29T11:30:15Z">
          <reporter-output>
          </reporter-output>
        </test-method> <!-- extenedMapPage_ads -->
        <test-method status="PASS" signature="beforeMethod()[pri:0, instance:com.Functions.Smoke_Run@21bcffb5]" name="beforeMethod" is-config="true" duration-ms="0" started-at="2016-06-29T11:30:15Z" finished-at="2016-06-29T11:30:15Z">
          <reporter-output>
          </reporter-output>
        </test-method> <!-- beforeMethod -->
        <test-method status="PASS" signature="extenedNewsPage_ads()[pri:0, instance:com.Functions.Smoke_Run@21bcffb5]" name="extenedNewsPage_ads" duration-ms="205879" started-at="2016-06-29T11:30:15Z" finished-at="2016-06-29T11:33:41Z">
          <reporter-output>
          </reporter-output>
        </test-method> <!-- extenedNewsPage_ads -->
        <test-method status="PASS" signature="afterMethod()[pri:0, instance:com.Functions.Smoke_Run@21bcffb5]" name="afterMethod" is-config="true" duration-ms="0" started-at="2016-06-29T11:30:15Z" finished-at="2016-06-29T11:30:15Z">
          <reporter-output>
          </reporter-output>
        </test-method> <!-- afterMethod -->
        <test-method status="PASS" signature="setto_TestMode()[pri:0, instance:com.Functions.Smoke_Run@21bcffb5]" name="setto_TestMode" duration-ms="126348" started-at="2016-06-29T11:33:41Z" finished-at="2016-06-29T11:35:47Z">
          <reporter-output>
          </reporter-output>
        </test-method> <!-- setto_TestMode -->
        <test-method status="PASS" signature="beforeMethod()[pri:0, instance:com.Functions.Smoke_Run@21bcffb5]" name="beforeMethod" is-config="true" duration-ms="0" started-at="2016-06-29T11:33:41Z" finished-at="2016-06-29T11:33:41Z">
          <reporter-output>
          </reporter-output>
        </test-method> <!-- beforeMethod -->
        <test-method status="PASS" signature="afterMethod()[pri:0, instance:com.Functions.Smoke_Run@21bcffb5]" name="afterMethod" is-config="true" duration-ms="0" started-at="2016-06-29T11:33:41Z" finished-at="2016-06-29T11:33:41Z">
          <reporter-output>
          </reporter-output>
        </test-method> <!-- afterMethod -->
        <test-method status="PASS" signature="beforeMethod()[pri:0, instance:com.Functions.Smoke_Run@21bcffb5]" name="beforeMethod" is-config="true" duration-ms="0" started-at="2016-06-29T11:35:47Z" finished-at="2016-06-29T11:35:47Z">
          <reporter-output>
          </reporter-output>
        </test-method> <!-- beforeMethod -->
        <test-method status="PASS" signature="Verify_PrerollAd()[pri:0, instance:com.Functions.Smoke_Run@21bcffb5]" name="Verify_PrerollAd" duration-ms="140981" started-at="2016-06-29T11:35:47Z" finished-at="2016-06-29T11:38:08Z">
          <reporter-output>
          </reporter-output>
        </test-method> <!-- Verify_PrerollAd -->
        <test-method status="PASS" signature="afterMethod()[pri:0, instance:com.Functions.Smoke_Run@21bcffb5]" name="afterMethod" is-config="true" duration-ms="0" started-at="2016-06-29T11:35:47Z" finished-at="2016-06-29T11:35:47Z">
          <reporter-output>
          </reporter-output>
        </test-method> <!-- afterMethod -->
        <test-method status="PASS" signature="beforeMethod()[pri:0, instance:com.Functions.Smoke_Run@21bcffb5]" name="beforeMethod" is-config="true" duration-ms="0" started-at="2016-06-29T11:38:08Z" finished-at="2016-06-29T11:38:08Z">
          <reporter-output>
          </reporter-output>
        </test-method> <!-- beforeMethod -->
        <test-method status="PASS" signature="extenedHurricane_ads()[pri:0, instance:com.Functions.Smoke_Run@21bcffb5]" name="extenedHurricane_ads" duration-ms="135156" started-at="2016-06-29T11:38:08Z" finished-at="2016-06-29T11:40:24Z">
          <reporter-output>
          </reporter-output>
        </test-method> <!-- extenedHurricane_ads -->
        <test-method status="PASS" signature="afterMethod()[pri:0, instance:com.Functions.Smoke_Run@21bcffb5]" name="afterMethod" is-config="true" duration-ms="0" started-at="2016-06-29T11:38:08Z" finished-at="2016-06-29T11:38:08Z">
          <reporter-output>
          </reporter-output>
        </test-method> <!-- afterMethod -->
        <test-method status="PASS" signature="afterMethod()[pri:0, instance:com.Functions.Smoke_Run@21bcffb5]" name="afterMethod" is-config="true" duration-ms="0" started-at="2016-06-29T11:40:24Z" finished-at="2016-06-29T11:40:24Z">
          <reporter-output>
          </reporter-output>
        </test-method> <!-- afterMethod -->
        <test-method status="FAIL" signature="extenedLSModule_ads()[pri:0, instance:com.Functions.Smoke_Run@21bcffb5]" name="extenedLSModule_ads" duration-ms="178230" started-at="2016-06-29T11:40:24Z" finished-at="2016-06-29T11:43:22Z">
          <exception class="org.openqa.selenium.NoSuchElementException">
            <message>
              <![CDATA[An element could not be located on the page using the given search parameters. (WARNING: The server did not provide any stacktrace information)
Command duration or timeout: 21.93 seconds
For documentation on this error, please visit: http://seleniumhq.org/exceptions/no_such_element.html
Build info: version: '2.51.0', revision: '1af067dbcaedd7d2ab9af5151fc471d363d97193', time: '2016-02-05 11:20:57'
System info: host: 'localhost', ip: '127.0.0.1', os.name: 'Mac OS X', os.arch: 'x86_64', os.version: '10.11.1', java.version: '1.8.0_60'
Driver info: io.appium.java_client.ios.IOSDriver
Capabilities [{app=/Users/aparna/Documents/Naresh/com.werather.SmokeiOS/Build/TheWeatherASDev.ipa, appPackage=com.weather.Weather, networkConnectionEnabled=false, warnings={}, bundleId=com.weather.TWC, --session-override=true, databaseEnabled=false, deviceName==iPhone 6 (9.1) [caea71833e3ca5e0adb5070514485bdeb8827951], platform=MAC, desired={app=/Users/aparna/Documents/Naresh/com.werather.SmokeiOS/Build/TheWeatherASDev.ipa, appPackage=com.weather.Weather, bundleId=com.weather.TWC, --session-override=true, deviceName==iPhone 6 (9.1) [caea71833e3ca5e0adb5070514485bdeb8827951], appium-version=1.5.1, fullRest=true, newCommandTimeout=100000.0, autoLaunch=true, platformVersion=9.1, forceIphone=true, platformName=iOS, device=iPhone, autoAcceptAlerts=true}, appium-version=1.5.1, fullRest=true, newCommandTimeout=100000.0, autoLaunch=true, platformVersion=9.1, forceIphone=true, webStorageEnabled=false, locationContextEnabled=false, browserName=iOS, takesScreenshot=true, javascriptEnabled=true, platformName=iOS, device=iPhone, autoAcceptAlerts=true}]
Session ID: 8c4a906e-ae3e-45e9-81ae-aea89274e9af
*** Element info: {Using=xpath, value=//UIAApplication[1]/UIAWindow[1]/UIACollectionView[1]/UIACollectionCell[6]/UIAWebView[1]}]]>
            </message>
            <full-stacktrace>
              <![CDATA[org.openqa.selenium.NoSuchElementException: An element could not be located on the page using the given search parameters. (WARNING: The server did not provide any stacktrace information)
Command duration or timeout: 21.93 seconds
For documentation on this error, please visit: http://seleniumhq.org/exceptions/no_such_element.html
Build info: version: '2.51.0', revision: '1af067dbcaedd7d2ab9af5151fc471d363d97193', time: '2016-02-05 11:20:57'
System info: host: 'localhost', ip: '127.0.0.1', os.name: 'Mac OS X', os.arch: 'x86_64', os.version: '10.11.1', java.version: '1.8.0_60'
Driver info: io.appium.java_client.ios.IOSDriver
Capabilities [{app=/Users/aparna/Documents/Naresh/com.werather.SmokeiOS/Build/TheWeatherASDev.ipa, appPackage=com.weather.Weather, networkConnectionEnabled=false, warnings={}, bundleId=com.weather.TWC, --session-override=true, databaseEnabled=false, deviceName==iPhone 6 (9.1) [caea71833e3ca5e0adb5070514485bdeb8827951], platform=MAC, desired={app=/Users/aparna/Documents/Naresh/com.werather.SmokeiOS/Build/TheWeatherASDev.ipa, appPackage=com.weather.Weather, bundleId=com.weather.TWC, --session-override=true, deviceName==iPhone 6 (9.1) [caea71833e3ca5e0adb5070514485bdeb8827951], appium-version=1.5.1, fullRest=true, newCommandTimeout=100000.0, autoLaunch=true, platformVersion=9.1, forceIphone=true, platformName=iOS, device=iPhone, autoAcceptAlerts=true}, appium-version=1.5.1, fullRest=true, newCommandTimeout=100000.0, autoLaunch=true, platformVersion=9.1, forceIphone=true, webStorageEnabled=false, locationContextEnabled=false, browserName=iOS, takesScreenshot=true, javascriptEnabled=true, platformName=iOS, device=iPhone, autoAcceptAlerts=true}]
Session ID: 8c4a906e-ae3e-45e9-81ae-aea89274e9af
*** Element info: {Using=xpath, value=//UIAApplication[1]/UIAWindow[1]/UIACollectionView[1]/UIACollectionCell[6]/UIAWebView[1]}
	at sun.reflect.GeneratedConstructorAccessor80.newInstance(Unknown Source)
	at sun.reflect.DelegatingConstructorAccessorImpl.newInstance(DelegatingConstructorAccessorImpl.java:45)
	at java.lang.reflect.Constructor.newInstance(Constructor.java:422)
	at org.openqa.selenium.remote.ErrorHandler.createThrowable(ErrorHandler.java:206)
	at org.openqa.selenium.remote.ErrorHandler.throwIfResponseFailed(ErrorHandler.java:158)
	at org.openqa.selenium.remote.RemoteWebDriver.execute(RemoteWebDriver.java:678)
	at io.appium.java_client.DefaultGenericMobileDriver.execute(DefaultGenericMobileDriver.java:43)
	at io.appium.java_client.AppiumDriver.execute(AppiumDriver.java:1)
	at io.appium.java_client.ios.IOSDriver.execute(IOSDriver.java:1)
	at org.openqa.selenium.remote.RemoteWebDriver.findElement(RemoteWebDriver.java:363)
	at org.openqa.selenium.remote.RemoteWebDriver.findElementByXPath(RemoteWebDriver.java:500)
	at io.appium.java_client.DefaultGenericMobileDriver.findElementByXPath(DefaultGenericMobileDriver.java:129)
	at io.appium.java_client.AppiumDriver.findElementByXPath(AppiumDriver.java:1)
	at io.appium.java_client.ios.IOSDriver.findElementByXPath(IOSDriver.java:1)
	at com.Functions.Functions.Verify_Adpresenton_extendedPages(Functions.java:1499)
	at com.Functions.Smoke_Run.extenedLSModule_ads(Smoke_Run.java:212)
	at sun.reflect.NativeMethodAccessorImpl.invoke0(Native Method)
	at sun.reflect.NativeMethodAccessorImpl.invoke(NativeMethodAccessorImpl.java:62)
	at sun.reflect.DelegatingMethodAccessorImpl.invoke(DelegatingMethodAccessorImpl.java:43)
	at java.lang.reflect.Method.invoke(Method.java:497)
	at org.testng.internal.MethodInvocationHelper.invokeMethod(MethodInvocationHelper.java:85)
	at org.testng.internal.Invoker.invokeMethod(Invoker.java:659)
	at org.testng.internal.Invoker.invokeTestMethod(Invoker.java:845)
	at org.testng.internal.Invoker.invokeTestMethods(Invoker.java:1153)
	at org.testng.internal.TestMethodWorker.invokeTestMethods(TestMethodWorker.java:125)
	at org.testng.internal.TestMethodWorker.run(TestMethodWorker.java:108)
	at org.testng.TestRunner.privateRun(TestRunner.java:771)
	at org.testng.TestRunner.run(TestRunner.java:621)
	at org.testng.SuiteRunner.runTest(SuiteRunner.java:357)
	at org.testng.SuiteRunner.runSequentially(SuiteRunner.java:352)
	at org.testng.SuiteRunner.privateRun(SuiteRunner.java:310)
	at org.testng.SuiteRunner.run(SuiteRunner.java:259)
	at org.testng.SuiteRunnerWorker.runSuite(SuiteRunnerWorker.java:52)
	at org.testng.SuiteRunnerWorker.run(SuiteRunnerWorker.java:86)
	at org.testng.TestNG.runSuitesSequentially(TestNG.java:1199)
	at org.testng.TestNG.runSuitesLocally(TestNG.java:1124)
	at org.testng.TestNG.run(TestNG.java:1032)
	at org.apache.maven.surefire.testng.TestNGExecutor.run(TestNGExecutor.java:73)
	at org.apache.maven.surefire.testng.TestNGXmlTestSuite.execute(TestNGXmlTestSuite.java:94)
	at org.apache.maven.surefire.Surefire.run(Surefire.java:169)
	at sun.reflect.NativeMethodAccessorImpl.invoke0(Native Method)
	at sun.reflect.NativeMethodAccessorImpl.invoke(NativeMethodAccessorImpl.java:62)
	at sun.reflect.DelegatingMethodAccessorImpl.invoke(DelegatingMethodAccessorImpl.java:43)
	at java.lang.reflect.Method.invoke(Method.java:497)
	at org.apache.maven.surefire.booter.SurefireBooter.runSuitesInProcess(SurefireBooter.java:350)
	at org.apache.maven.surefire.booter.SurefireBooter.main(SurefireBooter.java:1021)
]]>
            </full-stacktrace>
          </exception> <!-- org.openqa.selenium.NoSuchElementException -->
          <reporter-output>
          </reporter-output>
        </test-method> <!-- extenedLSModule_ads -->
        <test-method status="PASS" signature="beforeMethod()[pri:0, instance:com.Functions.Smoke_Run@21bcffb5]" name="beforeMethod" is-config="true" duration-ms="0" started-at="2016-06-29T11:40:24Z" finished-at="2016-06-29T11:40:24Z">
          <reporter-output>
          </reporter-output>
        </test-method> <!-- beforeMethod -->
        <test-method status="PASS" signature="afterMethod()[pri:0, instance:com.Functions.Smoke_Run@21bcffb5]" name="afterMethod" is-config="true" duration-ms="0" started-at="2016-06-29T11:43:22Z" finished-at="2016-06-29T11:43:22Z">
          <reporter-output>
          </reporter-output>
        </test-method> <!-- afterMethod -->
        <test-method status="PASS" signature="afterTest()[pri:0, instance:com.Functions.Smoke_Run@21bcffb5]" name="afterTest" is-config="true" duration-ms="6513" started-at="2016-06-29T11:43:22Z" finished-at="2016-06-29T11:43:28Z">
          <reporter-output>
          </reporter-output>
        </test-method> <!-- afterTest -->
      </class> <!-- com.Functions.Smoke_Run -->
    </test> <!-- Smoke_iOS -->
    <test name="Cust_Params" duration-ms="417432" started-at="2016-06-29T06:13:28Z" finished-at="2016-06-29T06:20:26Z">
      <class name="com.Custom_Parameter.run_CustomParameters">
        <test-method status="PASS" signature="beforeTest()[pri:0, instance:com.Custom_Parameter.run_CustomParameters@6be46e8f]" name="beforeTest" is-config="true" duration-ms="309396" started-at="2016-06-29T11:43:28Z" finished-at="2016-06-29T11:48:38Z">
          <reporter-output>
          </reporter-output>
        </test-method> <!-- beforeTest -->
        <test-method status="PASS" signature="Verify_CustomParameters()[pri:0, instance:com.Custom_Parameter.run_CustomParameters@6be46e8f]" name="Verify_CustomParameters" duration-ms="107944" started-at="2016-06-29T11:48:38Z" finished-at="2016-06-29T11:50:26Z">
          <reporter-output>
          </reporter-output>
        </test-method> <!-- Verify_CustomParameters -->
        <test-method status="PASS" signature="afterTest()[pri:0, instance:com.Custom_Parameter.run_CustomParameters@6be46e8f]" name="afterTest" is-config="true" duration-ms="91" started-at="2016-06-29T11:50:26Z" finished-at="2016-06-29T11:50:26Z">
          <reporter-output>
          </reporter-output>
        </test-method> <!-- afterTest -->
      </class> <!-- com.Custom_Parameter.run_CustomParameters -->
    </test> <!-- Cust_Params -->
  </suite> <!-- Suite -->
</testng-results>
