<?xml version="1.0" encoding="UTF-8" ?>
<testsuite tests="14" failures="1" name="TestSuite" time="2,051.316" errors="0" skipped="0">
  <properties>
[...]
</properties>
  <testcase classname="com.Functions.Smoke_Run" name="pullto_refresh" time="16.811"/>
  <testcase classname="com.Functions.Smoke_Run" name="cleanlaunch" time="46.055"/>
  <testcase classname="com.Functions.Smoke_Run" name="WFXTriggers_cxtg" time="260.295"/>
  <testcase classname="com.Functions.Smoke_Run" name="WFXTriggers_Factuals" time="1.041"/>
  <testcase classname="com.Functions.Smoke_Run" name="ad_crwd" time="0.026"/>
  <testcase classname="com.Functions.Smoke_Run" name="extenedHourlyPage_ads" time="68.958"/>
  <testcase classname="com.Functions.Smoke_Run" name="extenedDailyPage_ads" time="68.998"/>
  <testcase classname="com.Functions.Smoke_Run" name="extenedMapPage_ads" time="61.535"/>
  <testcase classname="com.Functions.Smoke_Run" name="extenedNewsPage_ads" time="205.879"/>
  <testcase classname="com.Functions.Smoke_Run" name="setto_TestMode" time="126.348"/>
  <testcase classname="com.Functions.Smoke_Run" name="Verify_PrerollAd" time="140.98"/>
  <testcase classname="com.Functions.Smoke_Run" name="extenedHurricane_ads" time="135.156"/>
  <testcase classname="com.Functions.Smoke_Run" name="extenedLSModule_ads" time="178.232">
    <failure message="An element could not be located on the page using the given search parameters. (WARNING: The server did not provide any stacktrace information)
Command duration or timeout: 21.93 seconds
For documentation on this error, please visit: http://seleniumhq.org/exceptions/no_such_element.html
Build info: version: &apos;2.51.0&apos;, revision: &apos;1af067dbcaedd7d2ab9af5151fc471d363d97193&apos;, time: &apos;2016-02-05 11:20:57&apos;
System info: host: &apos;localhost&apos;, ip: &apos;127.0.0.1&apos;, os.name: &apos;Mac OS X&apos;, os.arch: &apos;x86_64&apos;, os.version: &apos;10.11.1&apos;, java.version: &apos;1.8.0_60&apos;
Driver info: io.appium.java_client.ios.IOSDriver
Capabilities [{app=/Users/aparna/Documents/Naresh/com.werather.SmokeiOS/Build/TheWeatherASDev.ipa, appPackage=com.weather.Weather, networkConnectionEnabled=false, warnings={}, bundleId=com.weather.TWC, --session-override=true, databaseEnabled=false, deviceName==iPhone 6 (9.1) [caea71833e3ca5e0adb5070514485bdeb8827951], platform=MAC, desired={app=/Users/aparna/Documents/Naresh/com.werather.SmokeiOS/Build/TheWeatherASDev.ipa, appPackage=com.weather.Weather, bundleId=com.weather.TWC, --session-override=true, deviceName==iPhone 6 (9.1) [caea71833e3ca5e0adb5070514485bdeb8827951], appium-version=1.5.1, fullRest=true, newCommandTimeout=100000.0, autoLaunch=true, platformVersion=9.1, forceIphone=true, platformName=iOS, device=iPhone, autoAcceptAlerts=true}, appium-version=1.5.1, fullRest=true, newCommandTimeout=100000.0, autoLaunch=true, platformVersion=9.1, forceIphone=true, webStorageEnabled=false, locationContextEnabled=false, browserName=iOS, takesScreenshot=true, javascriptEnabled=true, platformName=iOS, device=iPhone, autoAcceptAlerts=true}]
Session ID: 8c4a906e-ae3e-45e9-81ae-aea89274e9af
*** Element info: {Using=xpath, value=//UIAApplication[1]/UIAWindow[1]/UIACollectionView[1]/UIACollectionCell[6]/UIAWebView[1]}" type="org.openqa.selenium.NoSuchElementException">org.openqa.selenium.NoSuchElementException: An element could not be located on the page using the given search parameters. (WARNING: The server did not provide any stacktrace information)
Command duration or timeout: 21.93 seconds
For documentation on this error, please visit: http://seleniumhq.org/exceptions/no_such_element.html
Build info: version: &apos;2.51.0&apos;, revision: &apos;1af067dbcaedd7d2ab9af5151fc471d363d97193&apos;, time: &apos;2016-02-05 11:20:57&apos;
System info: host: &apos;localhost&apos;, ip: &apos;127.0.0.1&apos;, os.name: &apos;Mac OS X&apos;, os.arch: &apos;x86_64&apos;, os.version: &apos;10.11.1&apos;, java.version: &apos;1.8.0_60&apos;
Driver info: io.appium.java_client.ios.IOSDriver
Capabilities [{app=/Users/aparna/Documents/Naresh/com.werather.SmokeiOS/Build/TheWeatherASDev.ipa, appPackage=com.weather.Weather, networkConnectionEnabled=false, warnings={}, bundleId=com.weather.TWC, --session-override=true, databaseEnabled=false, deviceName==iPhone 6 (9.1) [caea71833e3ca5e0adb5070514485bdeb8827951], platform=MAC, desired={app=/Users/aparna/Documents/Naresh/com.werather.SmokeiOS/Build/TheWeatherASDev.ipa, appPackage=com.weather.Weather, bundleId=com.weather.TWC, --session-override=true, deviceName==iPhone 6 (9.1) [caea71833e3ca5e0adb5070514485bdeb8827951], appium-version=1.5.1, fullRest=true, newCommandTimeout=100000.0, autoLaunch=true, platformVersion=9.1, forceIphone=true, platformName=iOS, device=iPhone, autoAcceptAlerts=true}, appium-version=1.5.1, fullRest=true, newCommandTimeout=100000.0, autoLaunch=true, platformVersion=9.1, forceIphone=true, webStorageEnabled=false, locationContextEnabled=false, browserName=iOS, takesScreenshot=true, javascriptEnabled=true, platformName=iOS, device=iPhone, autoAcceptAlerts=true}]
Session ID: 8c4a906e-ae3e-45e9-81ae-aea89274e9af
*** Element info: {Using=xpath, value=//UIAApplication[1]/UIAWindow[1]/UIACollectionView[1]/UIACollectionCell[6]/UIAWebView[1]}
	at sun.reflect.GeneratedConstructorAccessor80.newInstance(Unknown Source)
	at sun.reflect.DelegatingConstructorAccessorImpl.newInstance(DelegatingConstructorAccessorImpl.java:45)
	at java.lang.reflect.Constructor.newInstance(Constructor.java:422)
	at org.openqa.selenium.remote.ErrorHandler.createThrowable(ErrorHandler.java:206)
	at org.openqa.selenium.remote.ErrorHandler.throwIfResponseFailed(ErrorHandler.java:158)
	at org.openqa.selenium.remote.RemoteWebDriver.execute(RemoteWebDriver.java:678)
	at io.appium.java_client.DefaultGenericMobileDriver.execute(DefaultGenericMobileDriver.java:43)
	at io.appium.java_client.AppiumDriver.execute(AppiumDriver.java:1)
	at io.appium.java_client.ios.IOSDriver.execute(IOSDriver.java:1)
	at org.openqa.selenium.remote.RemoteWebDriver.findElement(RemoteWebDriver.java:363)
	at org.openqa.selenium.remote.RemoteWebDriver.findElementByXPath(RemoteWebDriver.java:500)
	at io.appium.java_client.DefaultGenericMobileDriver.findElementByXPath(DefaultGenericMobileDriver.java:129)
	at io.appium.java_client.AppiumDriver.findElementByXPath(AppiumDriver.java:1)
	at io.appium.java_client.ios.IOSDriver.findElementByXPath(IOSDriver.java:1)
	at com.Functions.Functions.Verify_Adpresenton_extendedPages(Functions.java:1499)
	at com.Functions.Smoke_Run.extenedLSModule_ads(Smoke_Run.java:212)
</failure>
    <system-out>==============================================
****** LS Module test cases Started
User on Main page
LifeStylepage is displayed
User Navigate to Selected LifeStyle page
ADpatha is :2
Size of the ad is ::(300, 25)
Height  of the ad is ::25
Width of the ad is ::300
Ad present on ExtendedLSModule(Allergy)page
Ad sizes are matched
</system-out>
  </testcase>
  <testcase classname="com.Custom_Parameter.run_CustomParameters" name="Verify_CustomParameters" time="107.944"/>
</testsuite>